<?xml version="1.0" encoding="UTF-8"?>
<!-- Generated by org.testng.reporters.JUnitReportReporter -->
<testsuite hostname="INMUVADP014667" failures="0" tests="1" name="Runner.TestApplication" time="62.353" errors="0" timestamp="2022-01-17T22:24:22 PST" skipped="0">
  <testcase classname="Runner.TestApplication" name="runScenario" time="62.353"/>
  <system-out/>
</testsuite> <!-- Runner.TestApplication -->
