<?xml version="1.0" encoding="UTF-8"?>
<!-- Generated by org.testng.reporters.JUnitReportReporter -->
<testsuite hostname="V05" failures="0" tests="2" name="Base.TestDemo1" time="42.078" errors="0" timestamp="2021-10-22T12:37:59 IST" skipped="0">
  <testcase classname="Base.TestDemo1" name="login" time="12.877"/>
  <system-out/>
  <testcase classname="Base.TestDemo1" name="login" time="29.201"/>
  <system-out/>
</testsuite> <!-- Base.TestDemo1 -->
